<?xml version="1.0" encoding="UTF-8"?>
<!-- Generated by org.testng.reporters.JUnitReportReporter -->
<testsuite hostname="DESKTOP-2QISFAK" failures="0" tests="2" name="TestClasses.TestClass2" time="9.087" errors="0" timestamp="2022-05-20T10:22:34 IST" skipped="0">
  <testcase classname="TestClasses.TestClass2" name="testB" time="4.812"/>
  <system-out/>
  <testcase classname="TestClasses.TestClass2" name="testA" time="4.275"/>
  <system-out/>
</testsuite> <!-- TestClasses.TestClass2 -->
