<?xml version="1.0" encoding="UTF-8"?>
<!-- Generated by org.testng.reporters.JUnitReportReporter -->
<testsuite hostname="DESKTOP-2QISFAK" failures="0" tests="2" name="TestClasses.TestClass" time="7.121" errors="0" timestamp="2022-05-20T10:24:40 IST" skipped="0">
  <testcase classname="TestClasses.TestClass" name="testA" time="2.678"/>
  <system-out/>
  <testcase classname="TestClasses.TestClass" name="testB" time="4.443"/>
  <system-out/>
</testsuite> <!-- TestClasses.TestClass -->
