<?xml version="1.0" encoding="UTF-8"?>
<!-- Generated by org.testng.reporters.JUnitReportReporter -->
<testsuite hostname="DESKTOP-2QISFAK" failures="0" tests="4" name="Test2.amazon" time="0.020" errors="0" timestamp="2022-05-29T13:57:50 IST" skipped="0">
  <testcase classname="Test2.amazon" name="testD" time="0.011"/>
  <system-out/>
  <testcase classname="Test2.amazon" name="testC" time="0.004"/>
  <system-out/>
  <testcase classname="Test2.amazon" name="testB" time="0.003"/>
  <system-out/>
  <testcase classname="Test2.amazon" name="testA" time="0.002"/>
  <system-out/>
</testsuite> <!-- Test2.amazon -->
