<?xml version="1.0" encoding="UTF-8"?>
<!-- Generated by org.testng.reporters.JUnitReportReporter -->
<testsuite hostname="DESKTOP-2QISFAK" failures="0" tests="2" name="TestClasses.VerifyCreateNewAccountPage" time="15.609" errors="0" timestamp="2022-06-01T10:11:42 IST" skipped="0">
  <testcase classname="TestClasses.VerifyCreateNewAccountPage" name="testd" time="8.038"/>
  <system-out/>
  <testcase classname="TestClasses.VerifyCreateNewAccountPage" name="testd" time="7.571"/>
  <system-out/>
</testsuite> <!-- TestClasses.VerifyCreateNewAccountPage -->
