<?xml version="1.0" encoding="UTF-8"?>
<!-- Generated by org.testng.reporters.JUnitReportReporter -->
<testsuite hostname="DESKTOP-2QISFAK" failures="0" tests="4" name="TestClasses.VerifyFacebookHeader" time="78.436" errors="0" timestamp="2022-06-06T17:46:43 IST" skipped="0">
  <testcase classname="TestClasses.VerifyFacebookHeader" name="testB" time="18.890"/>
  <system-out/>
  <testcase classname="TestClasses.VerifyFacebookHeader" name="testA" time="20.444"/>
  <system-out/>
  <testcase classname="TestClasses.VerifyFacebookHeader" name="testA" time="20.395"/>
  <system-out/>
  <testcase classname="TestClasses.VerifyFacebookHeader" name="testB" time="18.707"/>
  <system-out/>
</testsuite> <!-- TestClasses.VerifyFacebookHeader -->
