<?xml version="1.0" encoding="UTF-8"?>
<!-- Generated by org.testng.reporters.JUnitReportReporter -->
<testsuite hostname="DESKTOP-2QISFAK" failures="0" tests="10" name="TestClasses.VerifyCreateNewAccountPage" time="54.417" errors="0" timestamp="2022-06-06T17:22:09 IST" skipped="0">
  <testcase classname="TestClasses.VerifyCreateNewAccountPage" name="teste" time="5.046"/>
  <system-out/>
  <testcase classname="TestClasses.VerifyCreateNewAccountPage" name="testc" time="5.017"/>
  <system-out/>
  <testcase classname="TestClasses.VerifyCreateNewAccountPage" name="testA" time="5.417"/>
  <system-out/>
  <testcase classname="TestClasses.VerifyCreateNewAccountPage" name="testd" time="6.349"/>
  <system-out/>
  <testcase classname="TestClasses.VerifyCreateNewAccountPage" name="teste" time="5.056"/>
  <system-out/>
  <testcase classname="TestClasses.VerifyCreateNewAccountPage" name="testc" time="4.971"/>
  <system-out/>
  <testcase classname="TestClasses.VerifyCreateNewAccountPage" name="testB" time="5.780"/>
  <system-out/>
  <testcase classname="TestClasses.VerifyCreateNewAccountPage" name="testA" time="5.563"/>
  <system-out/>
  <testcase classname="TestClasses.VerifyCreateNewAccountPage" name="testB" time="5.010"/>
  <system-out/>
  <testcase classname="TestClasses.VerifyCreateNewAccountPage" name="testd" time="6.208"/>
  <system-out/>
</testsuite> <!-- TestClasses.VerifyCreateNewAccountPage -->
