<?xml version="1.0" encoding="UTF-8"?>
<!-- Generated by org.testng.reporters.JUnitReportReporter -->
<testsuite hostname="DESKTOP-2QISFAK" failures="0" tests="4" name="TestClasses.VerifyFacebookHeader" time="80.148" errors="0" timestamp="2022-06-01T10:00:44 IST" skipped="0">
  <testcase classname="TestClasses.VerifyFacebookHeader" name="testB" time="18.670"/>
  <system-out/>
  <testcase classname="TestClasses.VerifyFacebookHeader" name="testA" time="20.761"/>
  <system-out/>
  <testcase classname="TestClasses.VerifyFacebookHeader" name="testA" time="21.197"/>
  <system-out/>
  <testcase classname="TestClasses.VerifyFacebookHeader" name="testB" time="19.520"/>
  <system-out/>
</testsuite> <!-- TestClasses.VerifyFacebookHeader -->
