<?xml version="1.0" encoding="UTF-8"?>
<!-- Generated by org.testng.reporters.JUnitReportReporter -->
<testsuite hostname="DESKTOP-2QISFAK" failures="0" tests="3" name="TestClasses.ValidationOfBUses" time="39.850" errors="0" timestamp="2022-05-25T01:37:18 IST" skipped="0">
  <testcase classname="TestClasses.ValidationOfBUses" name="VerifyPageUrlAndTitle" time="12.619"/>
  <system-out/>
  <testcase classname="TestClasses.ValidationOfBUses" name="VerifyPageUrlAndTitle" time="13.090"/>
  <system-out/>
  <testcase classname="TestClasses.ValidationOfBUses" name="VerifyPageUrlAndTitle" time="14.141"/>
  <system-out/>
</testsuite> <!-- TestClasses.ValidationOfBUses -->
