<?xml version="1.0" encoding="UTF-8"?>
<!-- Generated by org.testng.reporters.JUnitReportReporter -->
<testsuite hostname="DESKTOP-2QISFAK" failures="0" tests="2" name="TestClasses.ValidationOfHomePage" time="8.448" errors="0" timestamp="2022-05-25T10:38:40 IST" skipped="0">
  <testcase classname="TestClasses.ValidationOfHomePage" name="testB" time="4.357"/>
  <system-out/>
  <testcase classname="TestClasses.ValidationOfHomePage" name="testB" time="4.091"/>
  <system-out/>
</testsuite> <!-- TestClasses.ValidationOfHomePage -->
