<?xml version="1.0" encoding="UTF-8"?>
<!-- Generated by org.testng.reporters.JUnitReportReporter -->
<testsuite hostname="DESKTOP-2QISFAK" failures="0" tests="2" name="TestClasses.TestClass1" time="1.750" errors="0" timestamp="2022-05-19T09:56:05 IST" skipped="0">
  <testcase classname="TestClasses.TestClass1" name="testA" time="0.692"/>
  <system-out/>
  <testcase classname="TestClasses.TestClass1" name="testB" time="1.058"/>
  <system-out/>
</testsuite> <!-- TestClasses.TestClass1 -->
