<?xml version="1.0" encoding="UTF-8"?>
<!-- Generated by org.testng.reporters.JUnitReportReporter -->
<testsuite hostname="DESKTOP-2QISFAK" failures="0" tests="1" name="TestClasses.TestClassbus21" time="13.513" errors="0" timestamp="2022-05-19T10:18:08 IST" skipped="0">
  <testcase classname="TestClasses.TestClassbus21" name="VerifyPageUrlAndTitle" time="13.513"/>
  <system-out/>
</testsuite> <!-- TestClasses.TestClassbus21 -->
