<?xml version="1.0" encoding="UTF-8"?>
<!-- Generated by org.testng.reporters.JUnitReportReporter -->
<testsuite hostname="DESKTOP-2QISFAK" failures="0" tests="1" name="TestClasses.ValidationOfHomaPage2" time="5.176" errors="0" timestamp="2022-05-25T10:39:23 IST" skipped="0">
  <testcase classname="TestClasses.ValidationOfHomaPage2" name="verifyHotelsPageUrl" time="5.176"/>
  <system-out/>
</testsuite> <!-- TestClasses.ValidationOfHomaPage2 -->
